<?xml version="1.0" encoding="UTF-8"?>
<testsuite name="test.calc.CalcTest" tests="1" skipped="0" failures="0" errors="0" timestamp="2020-01-22T17:10:03" hostname="ww-asus" time="0.001">
  <properties/>
  <testcase name="testAdd" classname="test.calc.CalcTest" time="0.001"/>
  <system-out><![CDATA[]]></system-out>
  <system-err><![CDATA[]]></system-err>
</testsuite>
